#
# There is insufficient memory for the Java Runtime Environment to continue.
# Native memory allocation (mmap) failed to map 268435456 bytes for Failed to commit area from 0x0000000701400000 to 0x0000000711400000 of length 268435456.
# Possible reasons:
#   The system is out of physical RAM or swap space
#   The process is running with CompressedOops enabled, and the Java Heap may be blocking the growth of the native heap
# Possible solutions:
#   Reduce memory load on the system
#   Increase physical memory or swap space
#   Check if swap backing store is full
#   Decrease Java heap size (-Xmx/-Xms)
#   Decrease number of Java threads
#   Decrease Java thread stack sizes (-Xss)
#   Set larger code cache with -XX:ReservedCodeCacheSize=
# This output file may be truncated or incomplete.
#
#  Out of Memory Error (t:/workspace/open/src/hotspot/os/windows/os_windows.cpp:3301), pid=24656, tid=26592
#
# JRE version:  (13.0.2+8) (build )
# Java VM: Java HotSpot(TM) 64-Bit Server VM (13.0.2+8, mixed mode, aot, sharing, tiered, compressed oops, g1 gc, windows-amd64)
# No core dump will be written. Minidumps are not enabled by default on client versions of Windows
#

---------------  S U M M A R Y ------------

Command Line: -Dfile.encoding=UTF-8 --module-path=C:\Users\wimbi\git\academy_Khanenka-homework\homework\bin -Djdk.module.main=homework homework/homework2.Main

Host: Intel(R) Core(TM) i7-4720HQ CPU @ 2.60GHz, 8 cores, 15G,  Windows 10 , 64 bit Build 18362 (10.0.18362.959)
Time: Sun Aug  2 22:35:24 2020 Aaea?onu (ceia) elapsed time: 0 seconds (0d 0h 0m 0s)

---------------  T H R E A D  ---------------

Current thread (0x00000253ec1fc800):  JavaThread "Unknown thread" [_thread_in_vm, id=26592, stack(0x000000f0c0b00000,0x000000f0c0c00000)]

Stack: [0x000000f0c0b00000,0x000000f0c0c00000]
Native frames: (J=compiled Java code, j=interpreted, Vv=VM code, C=native code)
V  [jvm.dll+0x624f9a]
V  [jvm.dll+0x770cfa]
V  [jvm.dll+0x7724af]
V  [jvm.dll+0x772ab3]
V  [jvm.dll+0x24bf08]
V  [jvm.dll+0x6222aa]
V  [jvm.dll+0x6170b5]
V  [jvm.dll+0x30a88c]
V  [jvm.dll+0x30a6c2]
V  [jvm.dll+0x30fe36]
V  [jvm.dll+0x353f46]
V  [jvm.dll+0x353720]
V  [jvm.dll+0x2e550a]
V  [jvm.dll+0x2e67a2]
V  [jvm.dll+0x74dd78]
V  [jvm.dll+0x361989]
V  [jvm.dll+0x730e65]
V  [jvm.dll+0x3cc53f]
V  [jvm.dll+0x3ce861]
C  [jli.dll+0x51ff]
C  [ucrtbase.dll+0x20e82]
C  [KERNEL32.DLL+0x17bd4]
C  [ntdll.dll+0x6ce51]


---------------  P R O C E S S  ---------------

Threads class SMR info:
_java_thread_list=0x00007ffe9198ccb8, length=0, elements={
}

Java Threads: ( => current thread )

Other Threads:
  0x00000253ec268800 GCTaskThread "GC Thread#0" [stack: 0x000000f0c0c00000,0x000000f0c0d00000] [id=16456]
  0x00000253ec28b800 ConcurrentGCThread "G1 Main Marker" [stack: 0x000000f0c0d00000,0x000000f0c0e00000] [id=3996]
  0x00000253ec28d800 ConcurrentGCThread "G1 Conc#0" [stack: 0x000000f0c0e00000,0x000000f0c0f00000] [id=26064]

[error occurred during error reporting (printing all threads), id 0xc0000005, EXCEPTION_ACCESS_VIOLATION (0xc0000005) at pc=0x00007ffe911c51d7]

VM state:not at safepoint (not fully initialized)

VM Mutex/Monitor currently owned by a thread:  ([mutex/lock_event])
[0x00000253ec1f8840] Heap_lock - owner thread: 0x00000253ec1fc800

Heap address: 0x0000000701400000, size: 4076 MB, Compressed Oops mode: Non-zero based: 0x0000000701400000
Narrow klass base: 0x0000000000000000, Narrow klass shift: 0

GC Heap History (0 events):
No events

Deoptimization events (0 events):
No events

Classes unloaded (0 events):
No events

Classes redefined (0 events):
No events

Internal exceptions (0 events):
No events

Events (8 events):
Event: 0.006 Loaded shared library C:\Program Files\Java\jdk-13.0.2\bin\zip.dll
Event: 0.007 Loaded shared library C:\Program Files\Java\jdk-13.0.2\bin\jimage.dll
Event: 0.009 Loading shared library C:\Program Files\Java\jdk-13.0.2\lib\libjava.base-coop.dll failed, error code 126
Event: 0.009 Loading shared library C:\Program Files\Java\jdk-13.0.2\lib\libjava.logging-coop.dll failed, error code 126
Event: 0.009 Loading shared library C:\Program Files\Java\jdk-13.0.2\lib\libjdk.compiler-coop.dll failed, error code 126
Event: 0.009 Loading shared library C:\Program Files\Java\jdk-13.0.2\lib\libjdk.scripting.nashorn-coop.dll failed, error code 126
Event: 0.009 Loading shared library C:\Program Files\Java\jdk-13.0.2\lib\libjdk.internal.vm.ci-coop.dll failed, error code 126
Event: 0.009 Loading shared library C:\Program Files\Java\jdk-13.0.2\lib\libjdk.internal.vm.compiler-coop.dll failed, error code 126


Dynamic libraries:
0x00007ff7ce990000 - 0x00007ff7ce99f000 	C:\Program Files\Java\jdk-13.0.2\bin\javaw.exe
0x00007ffec1ba0000 - 0x00007ffec1d90000 	C:\WINDOWS\SYSTEM32\ntdll.dll
0x00007ffec0950000 - 0x00007ffec0a02000 	C:\WINDOWS\System32\KERNEL32.DLL
0x00007ffebf160000 - 0x00007ffebf404000 	C:\WINDOWS\System32\KERNELBASE.dll
0x00007ffebefb0000 - 0x00007ffebf0aa000 	C:\WINDOWS\System32\ucrtbase.dll
0x00007ffebab40000 - 0x00007ffebab55000 	C:\Program Files\Java\jdk-13.0.2\bin\VCRUNTIME140.dll
0x00007ffeba410000 - 0x00007ffeba428000 	C:\Program Files\Java\jdk-13.0.2\bin\jli.dll
0x00007ffec02c0000 - 0x00007ffec0363000 	C:\WINDOWS\System32\ADVAPI32.dll
0x00007ffec0800000 - 0x00007ffec089e000 	C:\WINDOWS\System32\msvcrt.dll
0x00007ffebfd60000 - 0x00007ffebfdf7000 	C:\WINDOWS\System32\sechost.dll
0x00007ffec1a40000 - 0x00007ffec1b60000 	C:\WINDOWS\System32\RPCRT4.dll
0x00007ffebfe00000 - 0x00007ffebff94000 	C:\WINDOWS\System32\USER32.dll
0x00007ffebf410000 - 0x00007ffebf431000 	C:\WINDOWS\System32\win32u.dll
0x00007ffeaf950000 - 0x00007ffeafbd4000 	C:\WINDOWS\WinSxS\amd64_microsoft.windows.common-controls_6595b64144ccf1df_6.0.18362.959_none_e6c7bbbf130c62bb\COMCTL32.dll
0x00007ffebfcb0000 - 0x00007ffebfcd6000 	C:\WINDOWS\System32\GDI32.dll
0x00007ffec04c0000 - 0x00007ffec07f5000 	C:\WINDOWS\System32\combase.dll
0x00007ffebee10000 - 0x00007ffebefa6000 	C:\WINDOWS\System32\gdi32full.dll
0x00007ffebeb70000 - 0x00007ffebec0e000 	C:\WINDOWS\System32\msvcp_win.dll
0x00007ffebf0b0000 - 0x00007ffebf130000 	C:\WINDOWS\System32\bcryptPrimitives.dll
0x00007ffeb3030000 - 0x00007ffeb303a000 	C:\WINDOWS\SYSTEM32\VERSION.dll
0x00007ffec0f60000 - 0x00007ffec0f8e000 	C:\WINDOWS\System32\IMM32.DLL
0x00007ffeb86f0000 - 0x00007ffeb878b000 	C:\Program Files\Java\jdk-13.0.2\bin\msvcp140.dll
0x00007ffe90ed0000 - 0x00007ffe91a2d000 	C:\Program Files\Java\jdk-13.0.2\bin\server\jvm.dll
0x00007ffec1340000 - 0x00007ffec1348000 	C:\WINDOWS\System32\PSAPI.DLL
0x00007ffebb7d0000 - 0x00007ffebb7d9000 	C:\WINDOWS\SYSTEM32\WSOCK32.dll
0x00007ffebb590000 - 0x00007ffebb5b4000 	C:\WINDOWS\SYSTEM32\WINMM.dll
0x00007ffec10f0000 - 0x00007ffec115f000 	C:\WINDOWS\System32\WS2_32.dll
0x00007ffebb560000 - 0x00007ffebb58d000 	C:\WINDOWS\SYSTEM32\winmmbase.dll
0x00007ffebeb20000 - 0x00007ffebeb6a000 	C:\WINDOWS\System32\cfgmgr32.dll
0x00007ffebeb00000 - 0x00007ffebeb11000 	C:\WINDOWS\System32\kernel.appcore.dll
0x00007ffebb630000 - 0x00007ffebb640000 	C:\Program Files\Java\jdk-13.0.2\bin\verify.dll
0x00007ffeaeac0000 - 0x00007ffeaecb4000 	C:\WINDOWS\SYSTEM32\DBGHELP.DLL
0x00007ffeaea90000 - 0x00007ffeaeaba000 	C:\WINDOWS\SYSTEM32\dbgcore.DLL
0x00007ffebb600000 - 0x00007ffebb626000 	C:\Program Files\Java\jdk-13.0.2\bin\java.dll
0x00007ffebb5e0000 - 0x00007ffebb5f7000 	C:\Program Files\Java\jdk-13.0.2\bin\zip.dll
0x00007ffebabf0000 - 0x00007ffebabfa000 	C:\Program Files\Java\jdk-13.0.2\bin\jimage.dll

dbghelp: loaded successfully - version: 4.0.5 - missing functions: none
symbol engine: initialized successfully - sym options: 0x614 - pdb path: .;C:\Program Files\Java\jdk-13.0.2\bin;C:\WINDOWS\SYSTEM32;C:\WINDOWS\WinSxS\amd64_microsoft.windows.common-controls_6595b64144ccf1df_6.0.18362.959_none_e6c7bbbf130c62bb;C:\Program Files\Java\jdk-13.0.2\bin\server

VM Arguments:
jvm_args: -Dfile.encoding=UTF-8 --module-path=C:\Users\wimbi\git\academy_Khanenka-homework\homework\bin -Djdk.module.main=homework 
java_command: homework/homework2.Main
java_class_path (initial): <not set>
Launcher Type: SUN_STANDARD

[Global flags]
     intx CICompilerCount                          = 4                                         {product} {ergonomic}
     uint ConcGCThreads                            = 2                                         {product} {ergonomic}
     uint G1ConcRefinementThreads                  = 8                                         {product} {ergonomic}
   size_t G1HeapRegionSize                         = 1048576                                   {product} {ergonomic}
    uintx GCDrainStackTargetSize                   = 64                                        {product} {ergonomic}
   size_t InitialHeapSize                          = 268435456                                 {product} {ergonomic}
   size_t MarkStackSize                            = 4194304                                   {product} {ergonomic}
   size_t MaxHeapSize                              = 4273995776                                {product} {ergonomic}
   size_t MinHeapDeltaBytes                        = 1048576                                   {product} {ergonomic}
   size_t MinHeapSize                              = 8388608                                   {product} {ergonomic}
    uintx NonNMethodCodeHeapSize                   = 5839372                                {pd product} {ergonomic}
    uintx NonProfiledCodeHeapSize                  = 122909434                              {pd product} {ergonomic}
    uintx ProfiledCodeHeapSize                     = 122909434                              {pd product} {ergonomic}
    uintx ReservedCodeCacheSize                    = 251658240                              {pd product} {ergonomic}
     bool SegmentedCodeCache                       = true                                      {product} {ergonomic}
   size_t SoftMaxHeapSize                          = 4273995776                             {manageable} {ergonomic}
     bool UseCompressedClassPointers               = true                                 {lp64_product} {ergonomic}
     bool UseCompressedOops                        = true                                 {lp64_product} {ergonomic}
     bool UseG1GC                                  = true                                      {product} {ergonomic}
     bool UseLargePagesIndividualAllocation        = false                                  {pd product} {ergonomic}

Logging:
Log output configuration:
 #0: stdout all=warning uptime,level,tags
 #1: stderr all=off uptime,level,tags

Environment Variables:
PATH=C:/Program Files/Java/jdk-13.0.2/bin/server;C:/Program Files/Java/jdk-13.0.2/bin;C:\Program Files\Java\jdk-13.0.2\bin;C:\Windows;C:\Windows\System32\Wbem;C:\Windows\System32\WindowsPowerShell\v1.0\;C:\Windows\System32\OpenSSH\;C:\Program Files\NVIDIA Corporation\NVIDIA NvDLISR;C:\WINDOWS\system32;C:\WINDOWS;C:\WINDOWS\System32\Wbem;C:\WINDOWS\System32\WindowsPowerShell\v1.0\;C:\WINDOWS\System32\OpenSSH\;C:\Program Files\Java\jdk-13.0.2;C:\Program Files\JetBrains\IntelliJ IDEA 2019.3.3\bin;C:\Users\wimbi\AppData\Local\GitHubDesktop\bin;C:\Users\wimbi\Desktop;
USERNAME=wimbi
OS=Windows_NT
PROCESSOR_IDENTIFIER=Intel64 Family 6 Model 60 Stepping 3, GenuineIntel



---------------  S Y S T E M  ---------------

OS: Windows 10 , 64 bit Build 18362 (10.0.18362.959)

CPU:total 8 (initial active 8) (4 cores per cpu, 2 threads per core) family 6 model 60 stepping 3, cmov, cx8, fxsr, mmx, sse, sse2, sse3, ssse3, sse4.1, sse4.2, popcnt, avx, avx2, aes, clmul, erms, lzcnt, ht, tsc, tscinvbit, bmi1, bmi2, fma

Memory: 4k page, system-wide physical 16300M (7915M free)
TotalPageFile size 46687M (AvailPageFile size 85M)
current process WorkingSet (physical memory assigned to process): 10M, peak: 10M
current process commit charge ("private bytes"): 61M, peak: 317M

vm_info: Java HotSpot(TM) 64-Bit Server VM (13.0.2+8) for windows-amd64 JRE (13.0.2+8), built on Dec 11 2019 09:20:33 by "mach5one" with unknown MS VC++:1916

END.
